[0m21:19:32.563666 [debug] [MainThread]: Sending event: {'category': 'dbt', 'action': 'invocation', 'label': 'start', 'context': [<snowplow_tracker.self_describing_json.SelfDescribingJson object at 0x7696400c7230>, <snowplow_tracker.self_describing_json.SelfDescribingJson object at 0x769640123aa0>, <snowplow_tracker.self_describing_json.SelfDescribingJson object at 0x7696400c52e0>]}


============================== 21:19:32.568073 | 782daf72-74ad-4417-aff0-15909296c750 ==============================
[0m21:19:32.568073 [info ] [MainThread]: Running with dbt=1.11.2
[0m21:19:32.568907 [debug] [MainThread]: running dbt with arguments {'no_print': 'None', 'quiet': 'False', 'profiles_dir': '/home/eduardo/.dbt', 'send_anonymous_usage_stats': 'True', 'printer_width': '80', 'version_check': 'True', 'invocation_command': 'dbt run', 'debug': 'False', 'cache_selected_only': 'False', 'fail_fast': 'False', 'indirect_selection': 'eager', 'static_parser': 'True', 'warn_error_options': 'WarnErrorOptionsV2(error=[], warn=[], silence=[])', 'partial_parse': 'True', 'introspect': 'True', 'warn_error': 'None', 'log_format': 'default', 'use_experimental_parser': 'False', 'target_path': 'None', 'empty': 'False', 'use_colors': 'True', 'log_path': 'logs', 'log_cache_events': 'False', 'write_json': 'True'}
[0m21:19:32.569706 [error] [MainThread]: Encountered an error:
Runtime Error
  No dbt_project.yml found at expected path /home/eduardo/pokemon_elt_project/dbt_project.yml
  Verify that each entry within packages.yml (and their transitive dependencies) contains a file named dbt_project.yml
  
[0m21:19:32.570895 [debug] [MainThread]: Resource report: {"command_name": "run", "command_success": false, "command_wall_clock_time": 0.09839955, "process_in_blocks": "24", "process_kernel_time": 0.188774, "process_mem_max_rss": "99224", "process_out_blocks": "8", "process_user_time": 2.180392}
[0m21:19:32.571645 [debug] [MainThread]: Command `dbt run` failed at 21:19:32.571496 after 0.10 seconds
[0m21:19:32.572236 [debug] [MainThread]: Sending event: {'category': 'dbt', 'action': 'invocation', 'label': 'end', 'context': [<snowplow_tracker.self_describing_json.SelfDescribingJson object at 0x76963f1c4710>, <snowplow_tracker.self_describing_json.SelfDescribingJson object at 0x76963f71f680>, <snowplow_tracker.self_describing_json.SelfDescribingJson object at 0x76963f611ac0>]}
[0m21:19:32.572867 [debug] [MainThread]: Flushing usage events
[0m21:19:33.412988 [debug] [MainThread]: An error was encountered while trying to flush usage events
[0m21:37:06.085889 [debug] [MainThread]: Sending event: {'category': 'dbt', 'action': 'invocation', 'label': 'start', 'context': [<snowplow_tracker.self_describing_json.SelfDescribingJson object at 0x7ea9252ec6e0>, <snowplow_tracker.self_describing_json.SelfDescribingJson object at 0x7ea9274034a0>, <snowplow_tracker.self_describing_json.SelfDescribingJson object at 0x7ea9256b32c0>]}


============================== 21:37:06.092082 | 34f0a60b-54ec-4a4e-a864-ccd436eb36cd ==============================
[0m21:37:06.092082 [info ] [MainThread]: Running with dbt=1.11.2
[0m21:37:06.093030 [debug] [MainThread]: running dbt with arguments {'indirect_selection': 'eager', 'partial_parse': 'True', 'static_parser': 'True', 'send_anonymous_usage_stats': 'True', 'write_json': 'True', 'fail_fast': 'False', 'debug': 'False', 'use_colors': 'True', 'version_check': 'True', 'warn_error': 'None', 'introspect': 'True', 'empty': 'False', 'warn_error_options': 'WarnErrorOptionsV2(error=[], warn=[], silence=[])', 'invocation_command': 'dbt run', 'target_path': 'None', 'printer_width': '80', 'profiles_dir': '/home/eduardo/.dbt', 'log_cache_events': 'False', 'quiet': 'False', 'cache_selected_only': 'False', 'use_experimental_parser': 'False', 'log_path': 'logs', 'log_format': 'default', 'no_print': 'None'}
[0m21:37:06.093872 [error] [MainThread]: Encountered an error:
Runtime Error
  No dbt_project.yml found at expected path /home/eduardo/pokemon_elt_project/dbt_project.yml
  Verify that each entry within packages.yml (and their transitive dependencies) contains a file named dbt_project.yml
  
[0m21:37:06.095227 [debug] [MainThread]: Resource report: {"command_name": "run", "command_success": false, "command_wall_clock_time": 0.10071545, "process_in_blocks": "824", "process_kernel_time": 0.18252, "process_mem_max_rss": "98768", "process_out_blocks": "16", "process_user_time": 2.209201}
[0m21:37:06.096000 [debug] [MainThread]: Command `dbt run` failed at 21:37:06.095831 after 0.10 seconds
[0m21:37:06.096602 [debug] [MainThread]: Sending event: {'category': 'dbt', 'action': 'invocation', 'label': 'end', 'context': [<snowplow_tracker.self_describing_json.SelfDescribingJson object at 0x7ea925126b10>, <snowplow_tracker.self_describing_json.SelfDescribingJson object at 0x7ea925d281d0>, <snowplow_tracker.self_describing_json.SelfDescribingJson object at 0x7ea924777a10>]}
[0m21:37:06.097256 [debug] [MainThread]: Flushing usage events
[0m21:37:07.123723 [debug] [MainThread]: An error was encountered while trying to flush usage events
